2025-03-14 16:53:37,004 [INFO] Activator:176 - 


2025-03-14 16:53:37,007 [INFO] Activator:177 - !SESSION log4j initialized
2025-03-14 16:53:40,009 [INFO] LogOutputStream:77 - [STDOUT_REDIRECT] 
2025-03-14 16:53:42,244 [INFO] ApplicationProperties:184 - Using Application install path: /opt/st/stm32cubeide_1.17.0/plugins/com.st.stm32cube.common.mx_6.13.0.202411220809
2025-03-14 16:53:42,269 [INFO] DbMcusXml:78 - Set database path to: /opt/st/stm32cubeide_1.17.0/plugins/com.st.stm32cube.common.mx_6.13.0.202411220809//db//mcu/
2025-03-14 16:53:42,269 [INFO] ApiDb:274 - Set plugin database path to: /opt/st/stm32cubeide_1.17.0/plugins/com.st.stm32cube.common.mx_6.13.0.202411220809//db//plugins/boardmanager/
2025-03-14 16:53:42,270 [WARN] ApiDb:259 - Overriding images path with different value:  => /opt/st/stm32cubeide_1.17.0/plugins/com.st.stm32cube.common.mx_6.13.0.202411220809//db//plugins/mcufinder/images/
2025-03-14 16:53:44,133 [WARN] ApiFinderProperties:113 - /home/fadelrio/.stmcufinder/plugins/mcufinder/mcu/mcuFinder.mfd doesn't exist
2025-03-14 16:53:44,133 [INFO] ApiDb:250 - Set database path to: /home/fadelrio/.stmcufinder/plugins/mcufinder//mcu/
2025-03-14 16:53:44,135 [INFO] DbMcusAds:125 - Set database path to: /home/fadelrio/.stmcufinder/plugins/mcufinder//mcu/
2025-03-14 16:53:44,137 [INFO] CrossReferenceDbSqlite:203 - Set database path to: /home/fadelrio/.stmcufinder/plugins/mcufinder//mcu/cs/
2025-03-14 16:53:44,241 [INFO] RulesReader:64 - Compatibility file has been processed (297 Rules)
2025-03-14 16:53:44,292 [INFO] DbMcusXml:78 - Set database path to: /opt/st/stm32cubeide_1.17.0/plugins/com.st.stm32cube.common.mx_6.13.0.202411220809//db//mcu/
2025-03-14 16:53:44,292 [INFO] ApiDb:274 - Set plugin database path to: /opt/st/stm32cubeide_1.17.0/plugins/com.st.stm32cube.common.mx_6.13.0.202411220809//db//plugins/boardmanager/
2025-03-14 16:53:44,293 [INFO] ApiDb:261 - Set plugin images path to: /opt/st/stm32cubeide_1.17.0/plugins/com.st.stm32cube.common.mx_6.13.0.202411220809//db//plugins/mcufinder/images/
2025-03-14 16:53:44,293 [WARN] DbFile:41 - Overriding database path with different value: /home/fadelrio/.stmcufinder/plugins/mcufinder/ => /home/fadelrio/.stmcufinder/plugins/mcufinder
2025-03-14 16:53:44,293 [INFO] ApiDb:250 - Set database path to: /home/fadelrio/.stmcufinder/plugins/mcufinder//mcu/
2025-03-14 16:53:44,293 [WARN] DbFile:41 - Overriding database path with different value: /home/fadelrio/.stmcufinder/plugins/mcufinder/ => /home/fadelrio/.stmcufinder/plugins/mcufinder
2025-03-14 16:53:44,293 [INFO] DbMcusAds:125 - Set database path to: /home/fadelrio/.stmcufinder/plugins/mcufinder//mcu/
2025-03-14 16:53:44,293 [WARN] DbFile:41 - Overriding database path with different value: /home/fadelrio/.stmcufinder/plugins/mcufinder/ => /home/fadelrio/.stmcufinder/plugins/mcufinder
2025-03-14 16:53:44,293 [WARN] DbFile:41 - Overriding database path with different value: /home/fadelrio/.stmcufinder/plugins/mcufinder/ => /home/fadelrio/.stmcufinder/plugins/mcufinder
2025-03-14 16:53:44,294 [INFO] CrossReferenceDbSqlite:203 - Set database path to: /home/fadelrio/.stmcufinder/plugins/mcufinder//mcu/cs/
2025-03-14 16:53:44,362 [INFO] MainPanel:272 - HeapMemory: 268435456
2025-03-14 16:53:44,519 [INFO] DbMcusXml:78 - Set database path to: /opt/st/stm32cubeide_1.17.0/plugins/com.st.stm32cube.common.mx_6.13.0.202411220809//db//mcu/
2025-03-14 16:53:44,519 [INFO] ApiDb:274 - Set plugin database path to: /opt/st/stm32cubeide_1.17.0/plugins/com.st.stm32cube.common.mx_6.13.0.202411220809//db//plugins/boardmanager/
2025-03-14 16:53:44,520 [INFO] ApiDb:261 - Set plugin images path to: /opt/st/stm32cubeide_1.17.0/plugins/com.st.stm32cube.common.mx_6.13.0.202411220809//db//plugins/mcufinder/images/
2025-03-14 16:53:44,520 [WARN] DbFile:41 - Overriding database path with different value: /home/fadelrio/.stmcufinder/plugins/mcufinder/ => /home/fadelrio/.stmcufinder/plugins/mcufinder
2025-03-14 16:53:44,520 [INFO] ApiDb:250 - Set database path to: /home/fadelrio/.stmcufinder/plugins/mcufinder//mcu/
2025-03-14 16:53:44,520 [WARN] DbFile:41 - Overriding database path with different value: /home/fadelrio/.stmcufinder/plugins/mcufinder/ => /home/fadelrio/.stmcufinder/plugins/mcufinder
2025-03-14 16:53:44,520 [INFO] DbMcusAds:125 - Set database path to: /home/fadelrio/.stmcufinder/plugins/mcufinder//mcu/
2025-03-14 16:53:44,521 [WARN] DbFile:41 - Overriding database path with different value: /home/fadelrio/.stmcufinder/plugins/mcufinder/ => /home/fadelrio/.stmcufinder/plugins/mcufinder
2025-03-14 16:53:44,521 [WARN] DbFile:41 - Overriding database path with different value: /home/fadelrio/.stmcufinder/plugins/mcufinder/ => /home/fadelrio/.stmcufinder/plugins/mcufinder
2025-03-14 16:53:44,521 [INFO] CrossReferenceDbSqlite:203 - Set database path to: /home/fadelrio/.stmcufinder/plugins/mcufinder//mcu/cs/
2025-03-14 16:53:44,535 [INFO] ApplicationProperties:184 - Using Application install path: /opt/st/stm32cubeide_1.17.0/plugins/com.st.stm32cube.common.mx_6.13.0.202411220809
2025-03-14 16:53:44,537 [INFO] PluginManage:196 - Search for loadable plugins [exclusion list=, ]
2025-03-14 16:53:44,537 [INFO] PluginManage:310 - Check plugin analytics
2025-03-14 16:53:44,676 [INFO] AnalyticsPlugin:253 - Accepted Software Licenses: 
2025-03-14 16:53:44,676 [INFO] AnalyticsPlugin:255 - Accepted CMSIS Pack Licenses: 
2025-03-14 16:53:44,676 [INFO] AnalyticsPlugin:257 - Accepted Firmware Licenses: 
2025-03-14 16:53:44,678 [INFO] PluginManage:359 - Loaded plugin analytics (category:tool,tabindex:-1)
2025-03-14 16:53:44,678 [INFO] PluginManage:310 - Check plugin cadmodel
2025-03-14 16:53:44,684 [INFO] CADModel:105 - Init CAD model plugin
2025-03-14 16:53:44,684 [INFO] PluginManage:359 - Loaded plugin cadmodel (category:power,tabindex:5)
2025-03-14 16:53:44,685 [INFO] PluginManage:310 - Check plugin clock
2025-03-14 16:53:44,693 [INFO] PluginManage:359 - Loaded plugin clock (category:base,tabindex:2)
2025-03-14 16:53:44,693 [INFO] PluginManage:310 - Check plugin ddr
2025-03-14 16:53:44,696 [INFO] PluginManage:359 - Loaded plugin ddr (category:tool,tabindex:6)
2025-03-14 16:53:44,696 [INFO] PluginManage:310 - Check plugin filemanager
2025-03-14 16:53:44,863 [INFO] PluginManage:359 - Loaded plugin filemanager (category:base,tabindex:10)
2025-03-14 16:53:44,863 [INFO] PluginManage:310 - Check plugin ipmanager
2025-03-14 16:53:44,870 [INFO] PluginManage:359 - Loaded plugin ipmanager (category:base,tabindex:5)
2025-03-14 16:53:44,870 [INFO] PluginManage:310 - Check plugin lpbam
2025-03-14 16:53:44,876 [INFO] PluginManage:359 - Loaded plugin lpbam (category:base,tabindex:0)
2025-03-14 16:53:44,876 [INFO] PluginManage:310 - Check plugin memorymap
2025-03-14 16:53:44,885 [INFO] PluginManage:359 - Loaded plugin memorymap (category:base,tabindex:4)
2025-03-14 16:53:44,886 [INFO] PluginManage:310 - Check plugin pinoutandconfiguration
2025-03-14 16:53:44,892 [INFO] PluginManage:359 - Loaded plugin pinoutandconfiguration (category:base,tabindex:1)
2025-03-14 16:53:44,892 [INFO] PluginManage:310 - Check plugin pinoutconfig
2025-03-14 16:53:44,957 [WARN] SupportedApi:132 - Cannot load RTOS API schema: s4s-elt-must-match.1: The content of 'definitions' must match (annotation?, (simpleType | complexType)?, (unique | key | keyref)*)). A problem was found starting at: attribute.
2025-03-14 16:53:45,060 [INFO] PluginManage:359 - Loaded plugin pinoutconfig (category:base,tabindex:0)
2025-03-14 16:53:45,061 [INFO] PluginManage:310 - Check plugin power
2025-03-14 16:53:45,069 [INFO] PluginManage:359 - Loaded plugin power (category:power,tabindex:4)
2025-03-14 16:53:45,069 [INFO] PluginManage:310 - Check plugin projectmanager
2025-03-14 16:53:45,082 [INFO] PluginManage:359 - Loaded plugin projectmanager (category:projectmanager,tabindex:4)
2025-03-14 16:53:45,082 [INFO] PluginManage:310 - Check plugin rif
2025-03-14 16:53:45,087 [INFO] PluginManage:359 - Loaded plugin rif (category:base,tabindex:3)
2025-03-14 16:53:45,087 [INFO] PluginManage:310 - Check plugin thirdparty
2025-03-14 16:53:45,158 [WARN] IntegrityCheckThread:84 - waiting for thirdparty lock release [integrity check]
2025-03-14 16:53:45,158 [INFO] PluginManage:359 - Loaded plugin thirdparty (category:base,tabindex:-1)
2025-03-14 16:53:45,158 [INFO] IntegrityCheckThread:86 - entering critical section [integrity check]
2025-03-14 16:53:45,158 [INFO] PluginManage:310 - Check plugin tools
2025-03-14 16:53:45,159 [INFO] ThirdPartyUpdaterWithRetryManager:70 - Updater plugin not ready yet. [1/15]
2025-03-14 16:53:45,160 [INFO] PluginManage:359 - Loaded plugin tools (category:base,tabindex:7)
2025-03-14 16:53:45,160 [INFO] PluginManage:310 - Check plugin tutovideos
2025-03-14 16:53:45,256 [INFO] PluginManage:359 - Loaded plugin tutovideos (category:base,tabindex:-1)
2025-03-14 16:53:45,256 [INFO] PluginManage:310 - Check plugin updater
2025-03-14 16:53:45,273 [INFO] PluginManage:359 - Loaded plugin updater (category:base,tabindex:12)
2025-03-14 16:53:45,273 [INFO] PluginManage:310 - Check plugin userauth
2025-03-14 16:53:45,276 [INFO] UserAuth:118 - Init User Auth plugin
2025-03-14 16:53:45,277 [INFO] PluginManage:359 - Loaded plugin userauth (category:base,tabindex:14)
2025-03-14 16:53:45,277 [INFO] PluginManage:283 - PluginManage : Loaded plugins [18]
2025-03-14 16:53:45,383 [INFO] PinOutPanel:1589 - setPackage(No Configuration,No Configuration)
2025-03-14 16:53:45,426 [INFO] CADModel:165 - CPN selected for project level
2025-03-14 16:53:45,426 [INFO] CADModel:114 - Register for checkConnection events
2025-03-14 16:53:45,435 [INFO] IPUIPlugin:80 - create IPUIPlugin
2025-03-14 16:53:45,435 [INFO] PluginManager:220 - loadIPPluginJar : add adc
2025-03-14 16:53:45,436 [INFO] IPUIPlugin:80 - create IPUIPlugin
2025-03-14 16:53:45,436 [INFO] PluginManager:220 - loadIPPluginJar : add aes
2025-03-14 16:53:45,437 [INFO] IPUIPlugin:80 - create IPUIPlugin
2025-03-14 16:53:45,437 [INFO] PluginManager:220 - loadIPPluginJar : add can
2025-03-14 16:53:45,438 [INFO] IPUIPlugin:80 - create IPUIPlugin
2025-03-14 16:53:45,438 [INFO] PluginManager:220 - loadIPPluginJar : add comp
2025-03-14 16:53:45,439 [INFO] IPUIPlugin:80 - create IPUIPlugin
2025-03-14 16:53:45,439 [INFO] PluginManager:220 - loadIPPluginJar : add cryp
2025-03-14 16:53:45,440 [INFO] IPUIPlugin:80 - create IPUIPlugin
2025-03-14 16:53:45,441 [INFO] PluginManager:220 - loadIPPluginJar : add ddr_ctrl_phy
2025-03-14 16:53:45,442 [INFO] IPUIPlugin:80 - create IPUIPlugin
2025-03-14 16:53:45,442 [INFO] PluginManager:220 - loadIPPluginJar : add dfsdm
2025-03-14 16:53:45,444 [INFO] IPUIPlugin:80 - create IPUIPlugin
2025-03-14 16:53:45,444 [INFO] PluginManager:220 - loadIPPluginJar : add dma
2025-03-14 16:53:45,446 [INFO] IPUIPlugin:80 - create IPUIPlugin
2025-03-14 16:53:45,446 [INFO] PluginManager:220 - loadIPPluginJar : add dma3
2025-03-14 16:53:45,447 [INFO] IPUIPlugin:80 - create IPUIPlugin
2025-03-14 16:53:45,447 [INFO] PluginManager:220 - loadIPPluginJar : add extmemmanager
2025-03-14 16:53:45,447 [INFO] IPUIPlugin:80 - create IPUIPlugin
2025-03-14 16:53:45,447 [INFO] PluginManager:220 - loadIPPluginJar : add fatfs
2025-03-14 16:53:45,449 [INFO] IPUIPlugin:80 - create IPUIPlugin
2025-03-14 16:53:45,449 [INFO] PluginManager:220 - loadIPPluginJar : add fmc
2025-03-14 16:53:45,452 [INFO] IPUIPlugin:80 - create IPUIPlugin
2025-03-14 16:53:45,452 [INFO] PluginManager:220 - loadIPPluginJar : add freertos
2025-03-14 16:53:45,453 [INFO] IPUIPlugin:80 - create IPUIPlugin
2025-03-14 16:53:45,453 [INFO] PluginManager:220 - loadIPPluginJar : add genericplugin
2025-03-14 16:53:45,454 [INFO] IPUIPlugin:80 - create IPUIPlugin
2025-03-14 16:53:45,454 [INFO] PluginManager:220 - loadIPPluginJar : add gfxmmu
2025-03-14 16:53:45,456 [INFO] IPUIPlugin:80 - create IPUIPlugin
2025-03-14 16:53:45,457 [INFO] PluginManager:220 - loadIPPluginJar : add gic
2025-03-14 16:53:45,459 [INFO] IPUIPlugin:80 - create IPUIPlugin
2025-03-14 16:53:45,459 [INFO] PluginManager:220 - loadIPPluginJar : add gpio
2025-03-14 16:53:45,460 [INFO] IPUIPlugin:80 - create IPUIPlugin
2025-03-14 16:53:45,460 [INFO] PluginManager:220 - loadIPPluginJar : add gtzc
2025-03-14 16:53:45,461 [INFO] IPUIPlugin:80 - create IPUIPlugin
2025-03-14 16:53:45,462 [INFO] PluginManager:220 - loadIPPluginJar : add hash
2025-03-14 16:53:45,463 [INFO] IPUIPlugin:80 - create IPUIPlugin
2025-03-14 16:53:45,463 [INFO] PluginManager:220 - loadIPPluginJar : add i2c
2025-03-14 16:53:45,464 [INFO] IPUIPlugin:80 - create IPUIPlugin
2025-03-14 16:53:45,464 [INFO] PluginManager:220 - loadIPPluginJar : add i2s
2025-03-14 16:53:45,465 [INFO] IPUIPlugin:80 - create IPUIPlugin
2025-03-14 16:53:45,465 [INFO] PluginManager:220 - loadIPPluginJar : add i3c
2025-03-14 16:53:45,467 [INFO] IPUIPlugin:80 - create IPUIPlugin
2025-03-14 16:53:45,467 [INFO] PluginManager:220 - loadIPPluginJar : add ipddr
2025-03-14 16:53:45,471 [INFO] IPUIPlugin:80 - create IPUIPlugin
2025-03-14 16:53:45,471 [INFO] PluginManager:220 - loadIPPluginJar : add linkedlist
2025-03-14 16:53:45,472 [INFO] IPUIPlugin:80 - create IPUIPlugin
2025-03-14 16:53:45,473 [INFO] PluginManager:220 - loadIPPluginJar : add lorawan
2025-03-14 16:53:45,473 [INFO] IPUIPlugin:80 - create IPUIPlugin
2025-03-14 16:53:45,473 [INFO] PluginManager:220 - loadIPPluginJar : add ltdc
2025-03-14 16:53:45,476 [INFO] IPUIPlugin:80 - create IPUIPlugin
2025-03-14 16:53:45,476 [INFO] PluginManager:220 - loadIPPluginJar : add mdma
2025-03-14 16:53:45,478 [INFO] IPUIPlugin:80 - create IPUIPlugin
2025-03-14 16:53:45,478 [INFO] PluginManager:220 - loadIPPluginJar : add nvic
2025-03-14 16:53:45,480 [INFO] IPUIPlugin:80 - create IPUIPlugin
2025-03-14 16:53:45,480 [INFO] PluginManager:220 - loadIPPluginJar : add opamp
2025-03-14 16:53:45,481 [INFO] IPUIPlugin:80 - create IPUIPlugin
2025-03-14 16:53:45,481 [INFO] PluginManager:220 - loadIPPluginJar : add openamp
2025-03-14 16:53:45,483 [INFO] IPUIPlugin:80 - create IPUIPlugin
2025-03-14 16:53:45,483 [INFO] PluginManager:220 - loadIPPluginJar : add pdm2pcm
2025-03-14 16:53:45,487 [INFO] IPUIPlugin:80 - create IPUIPlugin
2025-03-14 16:53:45,489 [INFO] PluginManager:220 - loadIPPluginJar : add plateformsettings
2025-03-14 16:53:45,489 [INFO] IPUIPlugin:80 - create IPUIPlugin
2025-03-14 16:53:45,489 [INFO] PluginManager:220 - loadIPPluginJar : add quadspi
2025-03-14 16:53:45,490 [INFO] IPUIPlugin:80 - create IPUIPlugin
2025-03-14 16:53:45,491 [INFO] PluginManager:220 - loadIPPluginJar : add radio
2025-03-14 16:53:45,493 [INFO] IPUIPlugin:80 - create IPUIPlugin
2025-03-14 16:53:45,493 [INFO] PluginManager:220 - loadIPPluginJar : add resmgrutility
2025-03-14 16:53:45,495 [INFO] IPUIPlugin:80 - create IPUIPlugin
2025-03-14 16:53:45,495 [INFO] PluginManager:220 - loadIPPluginJar : add sai
2025-03-14 16:53:45,496 [INFO] IPUIPlugin:80 - create IPUIPlugin
2025-03-14 16:53:45,496 [INFO] PluginManager:220 - loadIPPluginJar : add spi
2025-03-14 16:53:45,500 [INFO] IPUIPlugin:80 - create IPUIPlugin
2025-03-14 16:53:45,500 [INFO] PluginManager:220 - loadIPPluginJar : add stm32_wpan
2025-03-14 16:53:45,501 [INFO] IPUIPlugin:80 - create IPUIPlugin
2025-03-14 16:53:45,501 [INFO] PluginManager:220 - loadIPPluginJar : add tim
2025-03-14 16:53:45,502 [INFO] IPUIPlugin:80 - create IPUIPlugin
2025-03-14 16:53:45,503 [INFO] PluginManager:220 - loadIPPluginJar : add touchsensing
2025-03-14 16:53:45,503 [INFO] IPUIPlugin:80 - create IPUIPlugin
2025-03-14 16:53:45,504 [INFO] PluginManager:220 - loadIPPluginJar : add tracer_emb
2025-03-14 16:53:45,505 [INFO] IPUIPlugin:80 - create IPUIPlugin
2025-03-14 16:53:45,505 [INFO] PluginManager:220 - loadIPPluginJar : add ts
2025-03-14 16:53:45,505 [INFO] IPUIPlugin:80 - create IPUIPlugin
2025-03-14 16:53:45,505 [INFO] PluginManager:220 - loadIPPluginJar : add tsc
2025-03-14 16:53:45,506 [INFO] IPUIPlugin:80 - create IPUIPlugin
2025-03-14 16:53:45,506 [INFO] PluginManager:220 - loadIPPluginJar : add ucpd
2025-03-14 16:53:45,507 [INFO] IPUIPlugin:80 - create IPUIPlugin
2025-03-14 16:53:45,508 [INFO] PluginManager:220 - loadIPPluginJar : add usart
2025-03-14 16:53:45,509 [INFO] IPUIPlugin:80 - create IPUIPlugin
2025-03-14 16:53:45,509 [INFO] PluginManager:220 - loadIPPluginJar : add usbx
2025-03-14 16:53:45,602 [FATAL] Updater:351 - Updater called before beeing initialized
2025-03-14 16:53:45,620 [INFO] RulesReader:64 - Compatibility file has been processed (297 Rules)
2025-03-14 16:53:45,628 [INFO] RulesReader:64 - Compatibility file has been processed (297 Rules)
2025-03-14 16:53:45,634 [INFO] CADModel:165 - CPN selected for project level
2025-03-14 16:53:45,634 [INFO] CADModel:114 - Register for checkConnection events
2025-03-14 16:53:45,634 [FATAL] Updater:351 - Updater called before beeing initialized
2025-03-14 16:53:45,634 [ERROR] CADModel:125 - Updater not yet initialized, retry later 
2025-03-14 16:53:45,710 [FATAL] Updater:351 - Updater called before beeing initialized
2025-03-14 16:53:45,711 [INFO] CADModel:165 - CPN selected for project level
2025-03-14 16:53:45,711 [INFO] CADModel:114 - Register for checkConnection events
2025-03-14 16:53:45,711 [FATAL] Updater:351 - Updater called before beeing initialized
2025-03-14 16:53:45,711 [ERROR] CADModel:125 - Updater not yet initialized, retry later 
2025-03-14 16:53:45,713 [FATAL] Updater:351 - Updater called before beeing initialized
2025-03-14 16:53:45,882 [FATAL] Updater:351 - Updater called before beeing initialized
2025-03-14 16:53:45,884 [INFO] DbMcusAds:53 - JSON generation date=Thu Sep 30 03:55:09 ART 2021 (1632984909247)
2025-03-14 16:53:45,884 [FATAL] Updater:351 - Updater called before beeing initialized
2025-03-14 16:53:45,906 [WARN] DetailPanel:346 - Failed to get advertising image, set to default
2025-03-14 16:53:46,070 [FATAL] Updater:351 - Updater called before beeing initialized
2025-03-14 16:53:46,072 [FATAL] Updater:351 - Updater called before beeing initialized
2025-03-14 16:53:46,072 [FATAL] Updater:351 - Updater called before beeing initialized
2025-03-14 16:53:46,072 [WARN] DetailPanel:346 - Failed to get advertising image, set to default
2025-03-14 16:53:46,073 [FATAL] Updater:351 - Updater called before beeing initialized
2025-03-14 16:53:46,095 [ERROR] Updater:1198 - MainUpdater not yet initialized. External WinMGr cannot be set.
2025-03-14 16:53:46,096 [INFO] Updater:1134 - Updater Version found : 6.13.0
2025-03-14 16:53:46,106 [INFO] ApplicationProperties:184 - Using Application install path: /opt/st/stm32cubeide_1.17.0/plugins/com.st.stm32cube.common.mx_6.13.0.202411220809
2025-03-14 16:53:46,121 [INFO] MainUpdater:525 - Copy updater definitions from MX database
2025-03-14 16:53:46,140 [INFO] MainUpdater:558 - Copy flag file definitions from MX database
2025-03-14 16:53:46,140 [INFO] MainUpdater:574 - Copy thirdparty index definitions from MX database
2025-03-14 16:53:46,141 [INFO] MainUpdater:593 - Copy default thirdparty db definitions from MX database
2025-03-14 16:53:46,314 [INFO] MainUpdater:2872 - connection check result : 10
2025-03-14 16:53:46,314 [INFO] MainUpdater:3566 - Updater definition file requires update
2025-03-14 16:53:46,314 [INFO] MainUpdater:289 - Updater Check For Update Now.
2025-03-14 16:53:46,314 [INFO] MicroXplorer:498 - Change Database Version : DB.6.0.130
2025-03-14 16:53:46,320 [INFO] McuFinderGlobals:63 - Set McuFinder mode to 2 (CubeIDE integrated)
2025-03-14 16:53:46,320 [INFO] UserAuth:171 - activating auth plugin
2025-03-14 16:53:46,322 [INFO] UserAuth:486 - Internet connection configuration mode: 1
2025-03-14 16:53:46,333 [INFO] JxBrowserEngine:152 - Initiate JxBrowser Engine with user profile folder
2025-03-14 16:53:46,373 [INFO] ServerAccessManage:473 - Download File updaters.zip
2025-03-14 16:53:46,446 [INFO] FileExtend:240 - Unzip File : updaters.zip
2025-03-14 16:53:46,446 [INFO] FileExtend:255 - Standard Zip Deflate
2025-03-14 16:53:46,642 [INFO] ServerAccessManage:473 - Download File PacksControlFlags.xml
2025-03-14 16:53:46,739 [INFO] ServerAccessManage:473 - Download File cubemx.pidx
2025-03-14 16:53:46,973 [INFO] ServerAccessManage:473 - Download File STMicroelectronics.FP-ATR-ASTRA1.pdsc
2025-03-14 16:53:47,732 [INFO] ServerAccessManage:473 - Download File STMicroelectronics.FP-ATR-SIGFOX1.pdsc
2025-03-14 16:53:47,967 [INFO] ServerAccessManage:473 - Download File STMicroelectronics.FP-SNS-STBOX1.pdsc
2025-03-14 16:53:48,159 [WARN] MainUpdater:1193 - Updater busy. Cannot search thirdparties
2025-03-14 16:53:48,159 [INFO] ThirdPartyUpdaterWithRetryManager:96 - Updater plugin is busy. [1/15]
2025-03-14 16:53:48,377 [INFO] ServerAccessManage:473 - Download File STMicroelectronics.FP-SNS-FLIGHT1.pdsc
2025-03-14 16:53:48,887 [INFO] WebApp:168 - Instantiating new browser for Auth
2025-03-14 16:53:49,108 [INFO] ServerAccessManage:473 - Download File STMicroelectronics.FP-SNS-MOTENV1.pdsc
2025-03-14 16:53:49,394 [INFO] WebApp:449 - Apply proxy settings
2025-03-14 16:53:49,395 [INFO] WebApp:534 - Chromium requires no authentication
2025-03-14 16:53:49,399 [INFO] WebApp:477 - Direct internet connection detected
2025-03-14 16:53:49,411 [INFO] WebApp:880 - Register for checkConnection events
2025-03-14 16:53:49,412 [INFO] WebApp:449 - Apply proxy settings
2025-03-14 16:53:49,412 [INFO] WebApp:534 - Chromium requires no authentication
2025-03-14 16:53:49,412 [INFO] WebApp:477 - Direct internet connection detected
2025-03-14 16:53:49,503 [INFO] WebApp:221 - Starting web application
2025-03-14 16:53:49,504 [INFO] WebApp:579 - Web application path used /opt/st/stm32cubeide_1.17.0/plugins/com.st.stm32cube.common.mx_6.13.0.202411220809/db/plugins/mcufinder/reactClient1/index.html
2025-03-14 16:53:49,564 [INFO] ServerAccessManage:473 - Download File STMicroelectronics.FP-SNS-MOTENVWB1.pdsc
2025-03-14 16:53:49,847 [INFO] WebApp:187 - Connection restablished
2025-03-14 16:53:50,235 [INFO] ServerAccessManage:473 - Download File STMicroelectronics.FP-SNS-SMARTAG2.pdsc
2025-03-14 16:53:50,695 [INFO] ServerAccessManage:473 - Download File STMicroelectronics.X-CUBE-AI.pdsc
2025-03-14 16:53:51,160 [WARN] MainUpdater:1193 - Updater busy. Cannot search thirdparties
2025-03-14 16:53:51,160 [INFO] ThirdPartyUpdaterWithRetryManager:96 - Updater plugin is busy. [2/15]
2025-03-14 16:53:53,087 [INFO] ServerAccessManage:473 - Download File STMicroelectronics.X-CUBE-ALS.pdsc
2025-03-14 16:53:53,625 [INFO] ServerAccessManage:473 - Download File STMicroelectronics.X-CUBE-BLE1.pdsc
2025-03-14 16:53:54,161 [WARN] MainUpdater:1193 - Updater busy. Cannot search thirdparties
2025-03-14 16:53:54,161 [INFO] ThirdPartyUpdaterWithRetryManager:96 - Updater plugin is busy. [3/15]
2025-03-14 16:53:55,780 [ERROR] ServerAccessManage:1089 - Problem, file not found on Server
2025-03-14 16:53:55,841 [INFO] ServerAccessManage:473 - Download File STMicroelectronics.X-CUBE-BLE2.pdsc
2025-03-14 16:53:56,995 [INFO] ServerAccessManage:473 - Download File STMicroelectronics.X-CUBE-BLEMGR.pdsc
2025-03-14 16:53:57,162 [WARN] MainUpdater:1193 - Updater busy. Cannot search thirdparties
2025-03-14 16:53:57,163 [INFO] ThirdPartyUpdaterWithRetryManager:96 - Updater plugin is busy. [4/15]
2025-03-14 16:53:58,033 [ERROR] ServerAccessManage:1089 - Problem, file not found on Server
2025-03-14 16:53:58,959 [INFO] ServerAccessManage:473 - Download File STMicroelectronics.X-CUBE-DISPLAY.pdsc
2025-03-14 16:53:59,436 [INFO] ServerAccessManage:473 - Download File STMicroelectronics.X-CUBE-DPOWER.pdsc
2025-03-14 16:54:00,163 [WARN] MainUpdater:1193 - Updater busy. Cannot search thirdparties
2025-03-14 16:54:00,164 [INFO] ThirdPartyUpdaterWithRetryManager:96 - Updater plugin is busy. [5/15]
2025-03-14 16:54:00,276 [ERROR] ServerAccessManage:1089 - Problem, file not found on Server
2025-03-14 16:54:01,002 [ERROR] ServerAccessManage:1089 - Problem, file not found on Server
2025-03-14 16:54:01,735 [ERROR] ServerAccessManage:1089 - Problem, file not found on Server
2025-03-14 16:54:02,539 [ERROR] ServerAccessManage:1089 - Problem, file not found on Server
2025-03-14 16:54:02,950 [ERROR] ServerAccessManage:1089 - Problem, file not found on Server
2025-03-14 16:54:03,164 [WARN] MainUpdater:1193 - Updater busy. Cannot search thirdparties
2025-03-14 16:54:03,165 [INFO] ThirdPartyUpdaterWithRetryManager:96 - Updater plugin is busy. [6/15]
2025-03-14 16:54:03,767 [ERROR] ServerAccessManage:1089 - Problem, file not found on Server
2025-03-14 16:54:04,659 [ERROR] ServerAccessManage:1089 - Problem, file not found on Server
2025-03-14 16:54:05,407 [ERROR] ServerAccessManage:1089 - Problem, file not found on Server
2025-03-14 16:54:06,166 [WARN] MainUpdater:1193 - Updater busy. Cannot search thirdparties
2025-03-14 16:54:06,168 [INFO] ThirdPartyUpdaterWithRetryManager:96 - Updater plugin is busy. [7/15]
2025-03-14 16:54:06,329 [ERROR] ServerAccessManage:1089 - Problem, file not found on Server
2025-03-14 16:54:07,148 [ERROR] ServerAccessManage:1089 - Problem, file not found on Server
2025-03-14 16:54:07,949 [ERROR] ServerAccessManage:1089 - Problem, file not found on Server
2025-03-14 16:54:08,063 [INFO] ServerAccessManage:473 - Download File STMicroelectronics.X-CUBE-EEPRMA1.pdsc
2025-03-14 16:54:08,138 [ERROR] LogOutputStream:75 - [STDERR_REDIRECT] Mar 14, 2025 4:54:08 PM java.util.prefs.FileSystemPreferences checkLockFile0ErrorCode
2025-03-14 16:54:08,139 [ERROR] LogOutputStream:75 - [STDERR_REDIRECT] WARNING: Could not lock System prefs. Unix error code 2.
2025-03-14 16:54:08,139 [ERROR] LogOutputStream:75 - [STDERR_REDIRECT] 
2025-03-14 16:54:08,140 [ERROR] LogOutputStream:75 - [STDERR_REDIRECT] Mar 14, 2025 4:54:08 PM java.util.prefs.FileSystemPreferences syncWorld
2025-03-14 16:54:08,140 [ERROR] LogOutputStream:75 - [STDERR_REDIRECT] WARNING: Couldn't flush system prefs: java.util.prefs.BackingStoreException: Couldn't get file lock.
2025-03-14 16:54:08,140 [ERROR] LogOutputStream:75 - [STDERR_REDIRECT] 
2025-03-14 16:54:08,856 [ERROR] ServerAccessManage:1089 - Problem, file not found on Server
2025-03-14 16:54:09,168 [WARN] MainUpdater:1193 - Updater busy. Cannot search thirdparties
2025-03-14 16:54:09,169 [INFO] ThirdPartyUpdaterWithRetryManager:96 - Updater plugin is busy. [8/15]
2025-03-14 16:54:09,912 [ERROR] ServerAccessManage:1089 - Problem, file not found on Server
2025-03-14 16:54:10,393 [INFO] ServerAccessManage:473 - Download File STMicroelectronics.X-CUBE-FREERTOS.pdsc
2025-03-14 16:54:10,738 [INFO] ServerAccessManage:473 - Download File STMicroelectronics.X-CUBE-GNSS1.pdsc
2025-03-14 16:54:12,169 [WARN] MainUpdater:1193 - Updater busy. Cannot search thirdparties
2025-03-14 16:54:12,170 [INFO] ThirdPartyUpdaterWithRetryManager:96 - Updater plugin is busy. [9/15]
2025-03-14 16:54:12,595 [ERROR] ServerAccessManage:1089 - Problem, file not found on Server
2025-03-14 16:54:13,282 [ERROR] ServerAccessManage:1089 - Problem, file not found on Server
2025-03-14 16:54:13,535 [ERROR] ServerAccessManage:1089 - Problem, file not found on Server
2025-03-14 16:54:13,812 [ERROR] ServerAccessManage:1089 - Problem, file not found on Server
2025-03-14 16:54:14,512 [ERROR] ServerAccessManage:1089 - Problem, file not found on Server
2025-03-14 16:54:15,169 [ERROR] ServerAccessManage:1089 - Problem, file not found on Server
2025-03-14 16:54:15,170 [WARN] MainUpdater:1193 - Updater busy. Cannot search thirdparties
2025-03-14 16:54:15,170 [INFO] ThirdPartyUpdaterWithRetryManager:96 - Updater plugin is busy. [10/15]
2025-03-14 16:54:15,217 [INFO] ServerAccessManage:473 - Download File STMicroelectronics.X-CUBE-ISPU.pdsc
2025-03-14 16:54:15,621 [INFO] ServerAccessManage:473 - Download File STMicroelectronics.X-CUBE-IPS.pdsc
2025-03-14 16:54:15,804 [INFO] ServerAccessManage:473 - Download File STMicroelectronics.X-CUBE-MEMS1.pdsc
2025-03-14 16:54:17,595 [INFO] ServerAccessManage:473 - Download File STMicroelectronics.X-CUBE-NFC4.pdsc
2025-03-14 16:54:18,171 [WARN] MainUpdater:1193 - Updater busy. Cannot search thirdparties
2025-03-14 16:54:18,171 [INFO] ThirdPartyUpdaterWithRetryManager:96 - Updater plugin is busy. [11/15]
2025-03-14 16:54:18,412 [INFO] ServerAccessManage:473 - Download File STMicroelectronics.X-CUBE-NFC6.pdsc
2025-03-14 16:54:18,554 [INFO] ServerAccessManage:473 - Download File STMicroelectronics.X-CUBE-NFC7.pdsc
2025-03-14 16:54:18,720 [INFO] ServerAccessManage:473 - Download File STMicroelectronics.X-CUBE-NFC9.pdsc
2025-03-14 16:54:18,857 [INFO] ServerAccessManage:473 - Download File STMicroelectronics.X-CUBE-NFC10.pdsc
2025-03-14 16:54:19,013 [INFO] ServerAccessManage:473 - Download File STMicroelectronics.X-CUBE-SFXS2LP1.pdsc
2025-03-14 16:54:19,712 [INFO] ServerAccessManage:473 - Download File STMicroelectronics.X-CUBE-SAFEA1.pdsc
2025-03-14 16:54:20,066 [INFO] ServerAccessManage:473 - Download File STMicroelectronics.X-CUBE-SUBG2.pdsc
2025-03-14 16:54:21,145 [INFO] ServerAccessManage:473 - Download File STMicroelectronics.X-CUBE-SMBUS.pdsc
2025-03-14 16:54:21,172 [WARN] MainUpdater:1193 - Updater busy. Cannot search thirdparties
2025-03-14 16:54:21,172 [INFO] ThirdPartyUpdaterWithRetryManager:96 - Updater plugin is busy. [12/15]
2025-03-14 16:54:22,133 [ERROR] ServerAccessManage:1089 - Problem, file not found on Server
2025-03-14 16:54:22,198 [INFO] ServerAccessManage:473 - Download File STMicroelectronics.X-CUBE-TCPP.pdsc
2025-03-14 16:54:22,408 [INFO] ServerAccessManage:473 - Download File STMicroelectronics.X-CUBE-TOF1.pdsc
2025-03-14 16:54:24,173 [WARN] MainUpdater:1193 - Updater busy. Cannot search thirdparties
2025-03-14 16:54:24,173 [INFO] ThirdPartyUpdaterWithRetryManager:96 - Updater plugin is busy. [13/15]
2025-03-14 16:54:24,428 [ERROR] ServerAccessManage:1089 - Problem, file not found on Server
2025-03-14 16:54:24,652 [INFO] ServerAccessManage:473 - Download File STMicroelectronics.X-CUBE-TOUCHGFX.pdsc
2025-03-14 16:54:27,173 [WARN] MainUpdater:1193 - Updater busy. Cannot search thirdparties
2025-03-14 16:54:27,174 [INFO] ThirdPartyUpdaterWithRetryManager:96 - Updater plugin is busy. [14/15]
2025-03-14 16:54:27,289 [INFO] ServerAccessManage:473 - Download File STMicroelectronics.X-CUBE-ALGOBUILD.pdsc
2025-03-14 16:54:28,521 [INFO] ServerAccessManage:473 - Download File STMicroelectronics.X-CUBE-AZRTOS-H7.pdsc
2025-03-14 16:54:29,708 [INFO] ServerAccessManage:473 - Download File STMicroelectronics.X-CUBE-AZRTOS-H7RS.pdsc
2025-03-14 16:54:29,863 [INFO] ServerAccessManage:473 - Download File STMicroelectronics.X-CUBE-AZRTOS-F4.pdsc
2025-03-14 16:54:30,078 [INFO] ServerAccessManage:473 - Download File STMicroelectronics.X-CUBE-AZRTOS-F7.pdsc
2025-03-14 16:54:30,174 [WARN] MainUpdater:1193 - Updater busy. Cannot search thirdparties
2025-03-14 16:54:30,175 [INFO] ThirdPartyUpdaterWithRetryManager:96 - Updater plugin is busy. [15/15]
2025-03-14 16:54:30,175 [ERROR] IntegrityCheckThread:130 - Cannot retrieve database content from updater: error -1
2025-03-14 16:54:30,176 [INFO] ThirdParty:978 - Integrity check success = false
2025-03-14 16:54:30,176 [INFO] IntegrityCheckThread:100 - exiting critical section [integrity check]
2025-03-14 16:54:30,176 [INFO] IntegrityCheckThread:103 - End integrity checks thread
2025-03-14 16:54:30,373 [INFO] ServerAccessManage:473 - Download File STMicroelectronics.X-CUBE-AZRTOS-L4.pdsc
2025-03-14 16:54:30,891 [INFO] ServerAccessManage:473 - Download File STMicroelectronics.X-CUBE-AZRTOS-L5.pdsc
2025-03-14 16:54:31,348 [INFO] ServerAccessManage:473 - Download File STMicroelectronics.X-CUBE-AZRTOS-G0.pdsc
2025-03-14 16:54:31,613 [INFO] ServerAccessManage:473 - Download File STMicroelectronics.X-CUBE-AZRTOS-G4.pdsc
2025-03-14 16:54:31,959 [INFO] ServerAccessManage:473 - Download File STMicroelectronics.X-CUBE-AZRTOS-WB.pdsc
2025-03-14 16:54:32,362 [INFO] ServerAccessManage:473 - Download File STMicroelectronics.X-CUBE-AZRTOS-WL.pdsc
2025-03-14 16:54:32,605 [INFO] ServerAccessManage:473 - Download File STMicroelectronics.X-CUBE-WB05N.pdsc
2025-03-14 16:54:33,844 [INFO] ServerAccessManage:473 - Download File wolfSSL.I-CUBE-wolfSSL.pdsc
2025-03-14 16:54:38,113 [ERROR] LogOutputStream:75 - [STDERR_REDIRECT] Mar 14, 2025 4:54:38 PM java.util.prefs.FileSystemPreferences checkLockFile0ErrorCode
2025-03-14 16:54:38,114 [ERROR] LogOutputStream:75 - [STDERR_REDIRECT] WARNING: Could not lock System prefs. Unix error code 2.
2025-03-14 16:54:38,114 [ERROR] LogOutputStream:75 - [STDERR_REDIRECT] 
2025-03-14 16:54:38,115 [ERROR] LogOutputStream:75 - [STDERR_REDIRECT] Mar 14, 2025 4:54:38 PM java.util.prefs.FileSystemPreferences syncWorld
2025-03-14 16:54:38,115 [ERROR] LogOutputStream:75 - [STDERR_REDIRECT] WARNING: Couldn't flush system prefs: java.util.prefs.BackingStoreException: Couldn't get file lock.
2025-03-14 16:54:38,115 [ERROR] LogOutputStream:75 - [STDERR_REDIRECT] 
2025-03-14 16:54:39,487 [ERROR] ServerAccessManage:1089 - Problem, file not found on Server
2025-03-14 16:54:39,940 [ERROR] ServerAccessManage:1089 - Problem, file not found on Server
2025-03-14 16:54:40,397 [ERROR] ServerAccessManage:1089 - Problem, file not found on Server
2025-03-14 16:54:40,596 [INFO] ServerAccessManage:473 - Download File wolfSSL.I-CUBE-wolfMQTT.pdsc
2025-03-14 16:54:42,138 [ERROR] ServerAccessManage:1089 - Problem, file not found on Server
2025-03-14 16:54:42,385 [INFO] ServerAccessManage:473 - Download File wolfSSL.I-CUBE-wolfTPM.pdsc
2025-03-14 16:54:44,167 [INFO] ServerAccessManage:473 - Download File wolfSSL.I-CUBE-wolfSSH.pdsc
2025-03-14 16:54:46,643 [INFO] ServerAccessManage:473 - Download File RealThread.X-CUBE-RT-Thread_Nano.pdsc
2025-03-14 16:54:49,213 [INFO] ServerAccessManage:473 - Download File SEGGER.I-CUBE-embOS.pdsc
2025-03-14 16:54:58,113 [INFO] ServerAccessManage:473 - Download File portGmbH.I-Cube-SoM-uGOAL.pdsc
2025-03-14 16:55:00,960 [ERROR] ServerAccessManage:1089 - Problem, file not found on Server
2025-03-14 16:55:01,250 [ERROR] ServerAccessManage:1089 - Problem, file not found on Server
2025-03-14 16:55:01,520 [ERROR] ServerAccessManage:1089 - Problem, file not found on Server
2025-03-14 16:55:02,865 [INFO] ServerAccessManage:473 - Download File emotas.I-CUBE-CANOPEN.pdsc
2025-03-14 16:55:04,855 [INFO] ServerAccessManage:473 - Download File WES.I-CUBE-Cesium.pdsc
2025-03-14 16:55:05,452 [ERROR] ServerAccessManage:1089 - Problem, file not found on Server
2025-03-14 16:55:05,792 [ERROR] ServerAccessManage:1089 - Problem, file not found on Server
2025-03-14 16:55:07,354 [INFO] ServerAccessManage:473 - Download File ITTIA_DB.I-CUBE-ITTIADB.pdsc
2025-03-14 16:55:08,115 [ERROR] LogOutputStream:75 - [STDERR_REDIRECT] Mar 14, 2025 4:55:08 PM java.util.prefs.FileSystemPreferences checkLockFile0ErrorCode
2025-03-14 16:55:08,115 [ERROR] LogOutputStream:75 - [STDERR_REDIRECT] WARNING: Could not lock System prefs. Unix error code 2.
2025-03-14 16:55:08,116 [ERROR] LogOutputStream:75 - [STDERR_REDIRECT] 
2025-03-14 16:55:08,116 [ERROR] LogOutputStream:75 - [STDERR_REDIRECT] Mar 14, 2025 4:55:08 PM java.util.prefs.FileSystemPreferences syncWorld
2025-03-14 16:55:08,116 [ERROR] LogOutputStream:75 - [STDERR_REDIRECT] WARNING: Couldn't flush system prefs: java.util.prefs.BackingStoreException: Couldn't get file lock.
2025-03-14 16:55:08,117 [ERROR] LogOutputStream:75 - [STDERR_REDIRECT] 
2025-03-14 16:55:12,865 [INFO] ServerAccessManage:473 - Download File Infineon.AIROC-Wi-Fi-Bluetooth-STM32.pdsc
2025-03-14 16:55:16,913 [INFO] ServerAccessManage:473 - Download File Cesanta.I-CUBE-Mongoose.pdsc
2025-03-14 16:55:20,548 [INFO] ServerAccessManage:473 - Download File EmbeddedOffice.I-CUBE-FS-RTOS.pdsc
2025-03-14 16:55:22,185 [INFO] ServerAccessManage:473 - Download File quantropi.X-CUBE-qispace-sdk-base.pdsc
2025-03-14 16:55:22,877 [WARN] PackLoader:240 - Cannot read IP mode file for STMicroelectronics.FP-ATR-ASTRA1.2.0.2
2025-03-14 16:55:22,886 [WARN] PackLoader:240 - Cannot read IP mode file for STMicroelectronics.FP-ATR-SIGFOX1.3.2.0
2025-03-14 16:55:22,898 [WARN] CheckServerUpdateThread:151 - Open CheckUpdateFile Fail
2025-03-14 16:55:22,900 [WARN] PackLoader:240 - Cannot read IP mode file for STMicroelectronics.FP-SNS-STBOX1.2.0.0
2025-03-14 16:55:22,913 [WARN] PackLoader:240 - Cannot read IP mode file for STMicroelectronics.FP-SNS-FLIGHT1.5.1.0
2025-03-14 16:55:22,918 [WARN] PackLoader:240 - Cannot read IP mode file for STMicroelectronics.FP-SNS-MOTENV1.5.0.0
2025-03-14 16:55:22,925 [WARN] PackLoader:240 - Cannot read IP mode file for STMicroelectronics.FP-SNS-MOTENVWB1.1.4.0
2025-03-14 16:55:22,930 [WARN] PackLoader:240 - Cannot read IP mode file for STMicroelectronics.FP-SNS-SMARTAG2.1.2.0
2025-03-14 16:55:22,935 [WARN] PackLoader:240 - Cannot read IP mode file for STMicroelectronics.X-CUBE-AI.10.0.0
2025-03-14 16:55:22,940 [WARN] PackLoader:240 - Cannot read IP mode file for STMicroelectronics.X-CUBE-ALS.1.0.2
2025-03-14 16:55:22,947 [WARN] PackLoader:240 - Cannot read IP mode file for STMicroelectronics.X-CUBE-BLE1.7.1.0
2025-03-14 16:55:22,952 [WARN] PackLoader:240 - Cannot read IP mode file for STMicroelectronics.X-CUBE-BLE2.3.3.0
2025-03-14 16:55:22,965 [WARN] PackLoader:240 - Cannot read IP mode file for STMicroelectronics.X-CUBE-BLEMGR.4.0.0
2025-03-14 16:55:22,981 [WARN] PackLoader:240 - Cannot read IP mode file for STMicroelectronics.X-CUBE-DISPLAY.3.0.0
2025-03-14 16:55:22,991 [WARN] PackLoader:240 - Cannot read IP mode file for STMicroelectronics.X-CUBE-DPower.1.2.0
2025-03-14 16:55:22,998 [WARN] PackLoader:240 - Cannot read IP mode file for STMicroelectronics.X-CUBE-EEPRMA1.5.1.0
2025-03-14 16:55:23,005 [WARN] PackLoader:240 - Cannot read IP mode file for STMicroelectronics.X-CUBE-FREERTOS.1.3.0
2025-03-14 16:55:23,010 [WARN] PackLoader:240 - Cannot read IP mode file for STMicroelectronics.X-CUBE-GNSS1.7.0.1
2025-03-14 16:55:23,015 [WARN] PackLoader:240 - Cannot read IP mode file for STMicroelectronics.X-CUBE-ISPU.2.1.0
2025-03-14 16:55:23,019 [INFO] CheckServerUpdateThread:120 - End of CheckServer Thread
2025-03-14 16:55:23,028 [WARN] PackLoader:240 - Cannot read IP mode file for STMicroelectronics.X-CUBE-IPS.3.1.0
2025-03-14 16:55:23,088 [WARN] PackLoader:240 - Cannot read IP mode file for STMicroelectronics.X-CUBE-MEMS1.11.1.0
2025-03-14 16:55:23,226 [WARN] PackLoader:240 - Cannot read IP mode file for STMicroelectronics.X-CUBE-NFC4.3.0.0
2025-03-14 16:55:23,233 [WARN] PackLoader:240 - Cannot read IP mode file for STMicroelectronics.X-CUBE-NFC6.3.1.0
2025-03-14 16:55:23,239 [WARN] PackLoader:240 - Cannot read IP mode file for STMicroelectronics.X-CUBE-NFC7.1.0.1
2025-03-14 16:55:23,245 [WARN] PackLoader:240 - Cannot read IP mode file for STMicroelectronics.X-CUBE-NFC9.1.0.0
2025-03-14 16:55:23,250 [WARN] PackLoader:240 - Cannot read IP mode file for STMicroelectronics.X-CUBE-NFC10.1.0.0
2025-03-14 16:55:23,257 [WARN] PackLoader:240 - Cannot read IP mode file for STMicroelectronics.X-CUBE-SFXS2LP1.4.0.0
2025-03-14 16:55:23,263 [WARN] PackLoader:240 - Cannot read IP mode file for STMicroelectronics.X-CUBE-SAFEA1.1.2.2
2025-03-14 16:55:23,272 [WARN] PackLoader:240 - Cannot read IP mode file for STMicroelectronics.X-CUBE-SUBG2.5.0.0
2025-03-14 16:55:23,280 [WARN] PackLoader:240 - Cannot read IP mode file for STMicroelectronics.X-CUBE-SMBUS.2.1.0
2025-03-14 16:55:23,284 [WARN] PackLoader:240 - Cannot read IP mode file for STMicroelectronics.X-CUBE-TCPP.4.2.0
2025-03-14 16:55:23,294 [WARN] PackLoader:240 - Cannot read IP mode file for STMicroelectronics.X-CUBE-TOF1.3.4.2
2025-03-14 16:55:23,312 [WARN] PackLoader:240 - Cannot read IP mode file for STMicroelectronics.X-CUBE-TOUCHGFX.4.25.0
2025-03-14 16:55:23,317 [WARN] PackLoader:240 - Cannot read IP mode file for STMicroelectronics.X-CUBE-ALGOBUILD.1.4.0
2025-03-14 16:55:23,333 [WARN] PackLoader:240 - Cannot read IP mode file for STMicroelectronics.X-CUBE-AZRTOS-H7.3.3.0
2025-03-14 16:55:23,350 [WARN] PackLoader:240 - Cannot read IP mode file for STMicroelectronics.X-CUBE-AZRTOS-H7RS.1.0.0
2025-03-14 16:55:23,366 [WARN] PackLoader:240 - Cannot read IP mode file for STMicroelectronics.X-CUBE-AZRTOS-F4.1.1.0
2025-03-14 16:55:23,381 [WARN] PackLoader:240 - Cannot read IP mode file for STMicroelectronics.X-CUBE-AZRTOS-F7.1.1.0
2025-03-14 16:55:23,399 [WARN] ConditionMgr:438 - getConditionDescription Invalid condition id : LAN8742 Phy interface Condition cause : null
2025-03-14 16:55:23,399 [WARN] PackLoader:240 - Cannot read IP mode file for STMicroelectronics.X-CUBE-AZRTOS-L4.2.0.0
2025-03-14 16:55:23,401 [WARN] ConditionMgr:1044 - genDependencies : Invalid condition id : LAN8742 Phy interface Condition cause : null
2025-03-14 16:55:23,401 [WARN] ConditionMgr:1044 - genDependencies : Invalid condition id : LAN8742 Phy interface Condition cause : null
2025-03-14 16:55:23,401 [WARN] ConditionMgr:1044 - genDependencies : Invalid condition id : LAN8742 Phy interface Condition cause : null
2025-03-14 16:55:23,415 [WARN] PackLoader:240 - Cannot read IP mode file for STMicroelectronics.X-CUBE-AZRTOS-L5.2.0.0
2025-03-14 16:55:23,429 [WARN] PackLoader:240 - Cannot read IP mode file for STMicroelectronics.X-CUBE-AZRTOS-G0.1.1.0
2025-03-14 16:55:23,442 [WARN] PackLoader:240 - Cannot read IP mode file for STMicroelectronics.X-CUBE-AZRTOS-G4.2.0.0
2025-03-14 16:55:23,453 [WARN] ConditionMgr:438 - getConditionDescription Invalid condition id : UX DEVICE CLASS RTOS Condition cause : null
2025-03-14 16:55:23,454 [WARN] ConditionMgr:438 - getConditionDescription Invalid condition id : UX DEVICE CLASS RTOS Condition cause : null
2025-03-14 16:55:23,455 [WARN] PackLoader:240 - Cannot read IP mode file for STMicroelectronics.X-CUBE-AZRTOS-WB.2.0.0
2025-03-14 16:55:23,456 [WARN] ConditionMgr:1044 - genDependencies : Invalid condition id : UX DEVICE CLASS RTOS Condition cause : null
2025-03-14 16:55:23,456 [WARN] ConditionMgr:1044 - genDependencies : Invalid condition id : UX DEVICE CLASS RTOS Condition cause : null
2025-03-14 16:55:23,456 [WARN] ConditionMgr:1044 - genDependencies : Invalid condition id : UX DEVICE CLASS RTOS Condition cause : null
2025-03-14 16:55:23,457 [WARN] ConditionMgr:1044 - genDependencies : Invalid condition id : UX DEVICE CLASS RTOS Condition cause : null
2025-03-14 16:55:23,457 [WARN] ConditionMgr:1044 - genDependencies : Invalid condition id : UX DEVICE CLASS RTOS Condition cause : null
2025-03-14 16:55:23,464 [INFO] LogOutputStream:77 - [STDOUT_REDIRECT] 1 : Invalid condition id : UX_CORESTACK_Condition cause : null
2025-03-14 16:55:23,465 [INFO] LogOutputStream:77 - [STDOUT_REDIRECT] 1 : Invalid condition id : UX_CORESTACK_Condition cause : null
2025-03-14 16:55:23,465 [INFO] LogOutputStream:77 - [STDOUT_REDIRECT] 1 : Invalid condition id : UX_CORESTACK_Condition cause : null
2025-03-14 16:55:23,465 [INFO] LogOutputStream:77 - [STDOUT_REDIRECT] 1 : Invalid condition id : UX_CORESTACK_Condition cause : null
2025-03-14 16:55:23,465 [INFO] LogOutputStream:77 - [STDOUT_REDIRECT] 1 : Invalid condition id : UX_CORESTACK_Condition cause : null
2025-03-14 16:55:23,468 [WARN] PackLoader:240 - Cannot read IP mode file for STMicroelectronics.X-CUBE-AZRTOS-WL.2.0.0
2025-03-14 16:55:23,473 [WARN] PackLoader:240 - Cannot read IP mode file for STMicroelectronics.X-CUBE-WB05N.1.1.0
2025-03-14 16:55:23,477 [WARN] PackLoader:240 - Cannot read IP mode file for wolfSSL.I-CUBE-wolfSSL.5.7.6
2025-03-14 16:55:23,480 [WARN] PackLoader:240 - Cannot read IP mode file for wolfSSL.I-CUBE-wolfMQTT.1.19.2
2025-03-14 16:55:23,482 [WARN] PackLoader:240 - Cannot read IP mode file for wolfSSL.I-CUBE-wolfTPM.3.8.0
2025-03-14 16:55:23,484 [WARN] PackLoader:240 - Cannot read IP mode file for wolfSSL.I-CUBE-wolfSSH.1.4.20
2025-03-14 16:55:23,487 [WARN] PackLoader:240 - Cannot read IP mode file for RealThread.X-CUBE-RT-Thread_Nano.4.1.1
2025-03-14 16:55:23,525 [WARN] PackLoader:240 - Cannot read IP mode file for SEGGER.I-CUBE-embOS.1.3.1
2025-03-14 16:55:23,566 [WARN] PackLoader:240 - Cannot read IP mode file for portGmbH.I-Cube-SoM-uGOAL.1.1.0
2025-03-14 16:55:23,570 [WARN] PackLoader:240 - Cannot read IP mode file for emotas.I-CUBE-CANOPEN.1.3.0
2025-03-14 16:55:23,575 [WARN] PackLoader:240 - Cannot read IP mode file for WES.I-CUBE-Cesium.1.3.0
2025-03-14 16:55:23,580 [WARN] PackLoader:240 - Cannot read IP mode file for ITTIA_DB.I-CUBE-ITTIADB.8.9.0
2025-03-14 16:55:23,598 [WARN] PackLoader:240 - Cannot read IP mode file for Infineon.AIROC-Wi-Fi-Bluetooth-STM32.1.7.0
2025-03-14 16:55:23,607 [WARN] PackLoader:240 - Cannot read IP mode file for Cesanta.I-CUBE-Mongoose.7.13.0
2025-03-14 16:55:23,616 [WARN] PackLoader:240 - Cannot read IP mode file for EmbeddedOffice.I-CUBE-FS-RTOS.1.0.1
2025-03-14 16:55:23,621 [WARN] ConditionMgr:438 - getConditionDescription Invalid condition id : Cortex-A Device cause : null
2025-03-14 16:55:23,635 [WARN] ConditionMgr:1044 - genDependencies : Invalid condition id : Cortex-A Device cause : null
2025-03-14 16:55:23,635 [WARN] ConditionMgr:1044 - genDependencies : Invalid condition id : Cortex-A Device cause : null
2025-03-14 16:55:23,635 [WARN] ConditionMgr:1044 - genDependencies : Invalid condition id : Cortex-A Device cause : null
2025-03-14 16:55:23,636 [INFO] PopulateThirdPartyThread:66 - Ending populate Thread
2025-03-14 16:55:23,640 [INFO] ThirdParty:1030 - CMSIS Pack Vendor :STMicroelectronics X-CUBE-AZRTOS-H7 3.3.0
2025-03-14 16:55:23,640 [INFO] ThirdParty:1030 - CMSIS Pack Vendor :STMicroelectronics X-CUBE-NFC9 1.0.0
2025-03-14 16:55:23,640 [INFO] ThirdParty:1030 - CMSIS Pack Vendor :STMicroelectronics FP-SNS-MOTENVWB1 1.4.0
2025-03-14 16:55:23,640 [INFO] ThirdParty:1030 - CMSIS Pack Vendor :STMicroelectronics X-CUBE-AZRTOS-F4 1.1.0
2025-03-14 16:55:23,640 [INFO] ThirdParty:1030 - CMSIS Pack Vendor :STMicroelectronics FP-ATR-ASTRA1 2.0.2
2025-03-14 16:55:23,640 [INFO] ThirdParty:1030 - CMSIS Pack Vendor :STMicroelectronics X-CUBE-BLE1 7.1.0
2025-03-14 16:55:23,640 [INFO] ThirdParty:1030 - CMSIS Pack Vendor :STMicroelectronics X-CUBE-SMBUS 2.1.0
2025-03-14 16:55:23,640 [INFO] ThirdParty:1030 - CMSIS Pack Vendor :STMicroelectronics X-CUBE-WB05N 1.1.0
2025-03-14 16:55:23,640 [INFO] ThirdParty:1030 - CMSIS Pack Vendor :wolfSSL I-CUBE-wolfMQTT 1.19.2
2025-03-14 16:55:23,640 [INFO] ThirdParty:1030 - CMSIS Pack Vendor :STMicroelectronics X-CUBE-ISPU 2.1.0
2025-03-14 16:55:23,640 [INFO] ThirdParty:1030 - CMSIS Pack Vendor :STMicroelectronics X-CUBE-AZRTOS-WB 2.0.0
2025-03-14 16:55:23,640 [INFO] ThirdParty:1030 - CMSIS Pack Vendor :STMicroelectronics X-CUBE-GNSS1 7.0.1
2025-03-14 16:55:23,640 [INFO] ThirdParty:1030 - CMSIS Pack Vendor :STMicroelectronics X-CUBE-TOUCHGFX 4.25.0
2025-03-14 16:55:23,640 [INFO] ThirdParty:1030 - CMSIS Pack Vendor :STMicroelectronics X-CUBE-AZRTOS-F7 1.1.0
2025-03-14 16:55:23,641 [INFO] ThirdParty:1030 - CMSIS Pack Vendor :STMicroelectronics X-CUBE-AZRTOS-L5 2.0.0
2025-03-14 16:55:23,641 [INFO] ThirdParty:1030 - CMSIS Pack Vendor :STMicroelectronics X-CUBE-NFC6 3.1.0
2025-03-14 16:55:23,641 [INFO] ThirdParty:1030 - CMSIS Pack Vendor :STMicroelectronics FP-SNS-STBOX1 2.0.0
2025-03-14 16:55:23,641 [INFO] ThirdParty:1030 - CMSIS Pack Vendor :STMicroelectronics X-CUBE-AZRTOS-G0 1.1.0
2025-03-14 16:55:23,641 [INFO] ThirdParty:1030 - CMSIS Pack Vendor :STMicroelectronics X-CUBE-DPower 1.2.0
2025-03-14 16:55:23,641 [INFO] ThirdParty:1030 - CMSIS Pack Vendor :STMicroelectronics X-CUBE-NFC4 3.0.0
2025-03-14 16:55:23,641 [INFO] ThirdParty:1030 - CMSIS Pack Vendor :STMicroelectronics X-CUBE-SAFEA1 1.2.2
2025-03-14 16:55:23,641 [INFO] ThirdParty:1030 - CMSIS Pack Vendor :STMicroelectronics X-CUBE-SUBG2 5.0.0
2025-03-14 16:55:23,641 [INFO] ThirdParty:1030 - CMSIS Pack Vendor :EmbeddedOffice I-CUBE-FS-RTOS 1.0.1
2025-03-14 16:55:23,641 [INFO] ThirdParty:1030 - CMSIS Pack Vendor :Cesanta I-CUBE-Mongoose 7.13.0
2025-03-14 16:55:23,641 [INFO] ThirdParty:1030 - CMSIS Pack Vendor :Infineon AIROC-Wi-Fi-Bluetooth-STM32 1.7.0
2025-03-14 16:55:23,641 [INFO] ThirdParty:1030 - CMSIS Pack Vendor :STMicroelectronics X-CUBE-AZRTOS-G4 2.0.0
2025-03-14 16:55:23,641 [INFO] ThirdParty:1030 - CMSIS Pack Vendor :wolfSSL I-CUBE-wolfTPM 3.8.0
2025-03-14 16:55:23,641 [INFO] ThirdParty:1030 - CMSIS Pack Vendor :STMicroelectronics X-CUBE-DISPLAY 3.0.0
2025-03-14 16:55:23,641 [INFO] ThirdParty:1030 - CMSIS Pack Vendor :wolfSSL I-CUBE-wolfSSH 1.4.20
2025-03-14 16:55:23,641 [INFO] ThirdParty:1030 - CMSIS Pack Vendor :STMicroelectronics X-CUBE-TCPP 4.2.0
2025-03-14 16:55:23,641 [INFO] ThirdParty:1030 - CMSIS Pack Vendor :RealThread X-CUBE-RT-Thread_Nano 4.1.1
2025-03-14 16:55:23,641 [INFO] ThirdParty:1030 - CMSIS Pack Vendor :STMicroelectronics FP-ATR-SIGFOX1 3.2.0
2025-03-14 16:55:23,641 [INFO] ThirdParty:1030 - CMSIS Pack Vendor :STMicroelectronics X-CUBE-NFC10 1.0.0
2025-03-14 16:55:23,641 [INFO] ThirdParty:1030 - CMSIS Pack Vendor :STMicroelectronics X-CUBE-BLEMGR 4.0.0
2025-03-14 16:55:23,641 [INFO] ThirdParty:1030 - CMSIS Pack Vendor :STMicroelectronics X-CUBE-EEPRMA1 5.1.0
2025-03-14 16:55:23,641 [INFO] ThirdParty:1030 - CMSIS Pack Vendor :STMicroelectronics X-CUBE-ALS 1.0.2
2025-03-14 16:55:23,641 [INFO] ThirdParty:1030 - CMSIS Pack Vendor :STMicroelectronics X-CUBE-IPS 3.1.0
2025-03-14 16:55:23,641 [INFO] ThirdParty:1030 - CMSIS Pack Vendor :STMicroelectronics X-CUBE-FREERTOS 1.3.0
2025-03-14 16:55:23,642 [INFO] ThirdParty:1030 - CMSIS Pack Vendor :emotas I-CUBE-CANOPEN 1.3.0
2025-03-14 16:55:23,642 [INFO] ThirdParty:1030 - CMSIS Pack Vendor :STMicroelectronics X-CUBE-NFC7 1.0.1
2025-03-14 16:55:23,642 [INFO] ThirdParty:1030 - CMSIS Pack Vendor :wolfSSL I-CUBE-wolfSSL 5.7.6
2025-03-14 16:55:23,642 [INFO] ThirdParty:1030 - CMSIS Pack Vendor :ITTIA_DB I-CUBE-ITTIADB 8.9.0
2025-03-14 16:55:23,642 [INFO] ThirdParty:1030 - CMSIS Pack Vendor :portGmbH I-Cube-SoM-uGOAL 1.1.0
2025-03-14 16:55:23,642 [INFO] ThirdParty:1030 - CMSIS Pack Vendor :STMicroelectronics X-CUBE-AI 10.0.0
2025-03-14 16:55:23,642 [INFO] ThirdParty:1030 - CMSIS Pack Vendor :quantropi X-CUBE-qispace-sdk-base 2.0.0
2025-03-14 16:55:23,642 [INFO] ThirdParty:1030 - CMSIS Pack Vendor :STMicroelectronics FP-SNS-SMARTAG2 1.2.0
2025-03-14 16:55:23,642 [INFO] ThirdParty:1030 - CMSIS Pack Vendor :STMicroelectronics FP-SNS-FLIGHT1 5.1.0
2025-03-14 16:55:23,642 [INFO] ThirdParty:1030 - CMSIS Pack Vendor :STMicroelectronics X-CUBE-MEMS1 11.1.0
2025-03-14 16:55:23,642 [INFO] ThirdParty:1030 - CMSIS Pack Vendor :STMicroelectronics X-CUBE-AZRTOS-WL 2.0.0
2025-03-14 16:55:23,642 [INFO] ThirdParty:1030 - CMSIS Pack Vendor :SEGGER I-CUBE-embOS 1.3.1
2025-03-14 16:55:23,642 [INFO] ThirdParty:1030 - CMSIS Pack Vendor :STMicroelectronics X-CUBE-ALGOBUILD 1.4.0
2025-03-14 16:55:23,642 [INFO] ThirdParty:1030 - CMSIS Pack Vendor :STMicroelectronics FP-SNS-MOTENV1 5.0.0
2025-03-14 16:55:23,642 [INFO] ThirdParty:1030 - CMSIS Pack Vendor :STMicroelectronics X-CUBE-AZRTOS-H7RS 1.0.0
2025-03-14 16:55:23,642 [INFO] ThirdParty:1030 - CMSIS Pack Vendor :STMicroelectronics X-CUBE-AZRTOS-L4 2.0.0
2025-03-14 16:55:23,642 [INFO] ThirdParty:1030 - CMSIS Pack Vendor :WES I-CUBE-Cesium 1.3.0
2025-03-14 16:55:23,642 [INFO] ThirdParty:1030 - CMSIS Pack Vendor :STMicroelectronics X-CUBE-SFXS2LP1 4.0.0
2025-03-14 16:55:23,642 [INFO] ThirdParty:1030 - CMSIS Pack Vendor :STMicroelectronics X-CUBE-BLE2 3.3.0
2025-03-14 16:55:23,642 [INFO] ThirdParty:1030 - CMSIS Pack Vendor :STMicroelectronics X-CUBE-TOF1 3.4.2
2025-03-14 16:55:23,644 [INFO] LoadServerUpdatesThread:375 - End of LoadServerUpdate Thread
2025-03-14 16:55:38,115 [ERROR] LogOutputStream:75 - [STDERR_REDIRECT] Mar 14, 2025 4:55:38 PM java.util.prefs.FileSystemPreferences checkLockFile0ErrorCode
2025-03-14 16:55:38,115 [ERROR] LogOutputStream:75 - [STDERR_REDIRECT] WARNING: Could not lock System prefs. Unix error code 2.
2025-03-14 16:55:38,115 [ERROR] LogOutputStream:75 - [STDERR_REDIRECT] 
2025-03-14 16:55:38,116 [ERROR] LogOutputStream:75 - [STDERR_REDIRECT] Mar 14, 2025 4:55:38 PM java.util.prefs.FileSystemPreferences syncWorld
2025-03-14 16:55:38,116 [ERROR] LogOutputStream:75 - [STDERR_REDIRECT] WARNING: Couldn't flush system prefs: java.util.prefs.BackingStoreException: Couldn't get file lock.
2025-03-14 16:55:38,116 [ERROR] LogOutputStream:75 - [STDERR_REDIRECT] 
2025-03-14 16:56:08,113 [ERROR] LogOutputStream:75 - [STDERR_REDIRECT] Mar 14, 2025 4:56:08 PM java.util.prefs.FileSystemPreferences checkLockFile0ErrorCode
2025-03-14 16:56:08,113 [ERROR] LogOutputStream:75 - [STDERR_REDIRECT] WARNING: Could not lock System prefs. Unix error code 2.
2025-03-14 16:56:08,114 [ERROR] LogOutputStream:75 - [STDERR_REDIRECT] 
2025-03-14 16:56:08,114 [ERROR] LogOutputStream:75 - [STDERR_REDIRECT] Mar 14, 2025 4:56:08 PM java.util.prefs.FileSystemPreferences syncWorld
2025-03-14 16:56:08,114 [ERROR] LogOutputStream:75 - [STDERR_REDIRECT] WARNING: Couldn't flush system prefs: java.util.prefs.BackingStoreException: Couldn't get file lock.
2025-03-14 16:56:08,114 [ERROR] LogOutputStream:75 - [STDERR_REDIRECT] 
2025-03-14 16:56:38,113 [ERROR] LogOutputStream:75 - [STDERR_REDIRECT] Mar 14, 2025 4:56:38 PM java.util.prefs.FileSystemPreferences checkLockFile0ErrorCode
2025-03-14 16:56:38,114 [ERROR] LogOutputStream:75 - [STDERR_REDIRECT] WARNING: Could not lock System prefs. Unix error code 2.
2025-03-14 16:56:38,114 [ERROR] LogOutputStream:75 - [STDERR_REDIRECT] 
2025-03-14 16:56:38,114 [ERROR] LogOutputStream:75 - [STDERR_REDIRECT] Mar 14, 2025 4:56:38 PM java.util.prefs.FileSystemPreferences syncWorld
2025-03-14 16:56:38,115 [ERROR] LogOutputStream:75 - [STDERR_REDIRECT] WARNING: Couldn't flush system prefs: java.util.prefs.BackingStoreException: Couldn't get file lock.
2025-03-14 16:56:38,115 [ERROR] LogOutputStream:75 - [STDERR_REDIRECT] 
2025-03-14 16:57:08,114 [ERROR] LogOutputStream:75 - [STDERR_REDIRECT] Mar 14, 2025 4:57:08 PM java.util.prefs.FileSystemPreferences checkLockFile0ErrorCode
2025-03-14 16:57:08,116 [ERROR] LogOutputStream:75 - [STDERR_REDIRECT] WARNING: Could not lock System prefs. Unix error code 2.
2025-03-14 16:57:08,117 [ERROR] LogOutputStream:75 - [STDERR_REDIRECT] 
2025-03-14 16:57:08,117 [ERROR] LogOutputStream:75 - [STDERR_REDIRECT] Mar 14, 2025 4:57:08 PM java.util.prefs.FileSystemPreferences syncWorld
2025-03-14 16:57:08,117 [ERROR] LogOutputStream:75 - [STDERR_REDIRECT] WARNING: Couldn't flush system prefs: java.util.prefs.BackingStoreException: Couldn't get file lock.
2025-03-14 16:57:08,117 [ERROR] LogOutputStream:75 - [STDERR_REDIRECT] 
2025-03-14 16:57:38,113 [ERROR] LogOutputStream:75 - [STDERR_REDIRECT] Mar 14, 2025 4:57:38 PM java.util.prefs.FileSystemPreferences checkLockFile0ErrorCode
2025-03-14 16:57:38,114 [ERROR] LogOutputStream:75 - [STDERR_REDIRECT] WARNING: Could not lock System prefs. Unix error code 2.
2025-03-14 16:57:38,114 [ERROR] LogOutputStream:75 - [STDERR_REDIRECT] 
2025-03-14 16:57:38,114 [ERROR] LogOutputStream:75 - [STDERR_REDIRECT] Mar 14, 2025 4:57:38 PM java.util.prefs.FileSystemPreferences syncWorld
2025-03-14 16:57:38,115 [ERROR] LogOutputStream:75 - [STDERR_REDIRECT] WARNING: Couldn't flush system prefs: java.util.prefs.BackingStoreException: Couldn't get file lock.
2025-03-14 16:57:38,115 [ERROR] LogOutputStream:75 - [STDERR_REDIRECT] 
2025-03-14 16:58:08,115 [ERROR] LogOutputStream:75 - [STDERR_REDIRECT] Mar 14, 2025 4:58:08 PM java.util.prefs.FileSystemPreferences checkLockFile0ErrorCode
2025-03-14 16:58:08,116 [ERROR] LogOutputStream:75 - [STDERR_REDIRECT] WARNING: Could not lock System prefs. Unix error code 2.
2025-03-14 16:58:08,116 [ERROR] LogOutputStream:75 - [STDERR_REDIRECT] 
2025-03-14 16:58:08,116 [ERROR] LogOutputStream:75 - [STDERR_REDIRECT] Mar 14, 2025 4:58:08 PM java.util.prefs.FileSystemPreferences syncWorld
2025-03-14 16:58:08,116 [ERROR] LogOutputStream:75 - [STDERR_REDIRECT] WARNING: Couldn't flush system prefs: java.util.prefs.BackingStoreException: Couldn't get file lock.
2025-03-14 16:58:08,116 [ERROR] LogOutputStream:75 - [STDERR_REDIRECT] 
2025-03-14 16:58:38,128 [ERROR] LogOutputStream:75 - [STDERR_REDIRECT] Mar 14, 2025 4:58:38 PM java.util.prefs.FileSystemPreferences checkLockFile0ErrorCode
2025-03-14 16:58:38,129 [ERROR] LogOutputStream:75 - [STDERR_REDIRECT] WARNING: Could not lock System prefs. Unix error code 2.
2025-03-14 16:58:38,129 [ERROR] LogOutputStream:75 - [STDERR_REDIRECT] 
2025-03-14 16:58:38,130 [ERROR] LogOutputStream:75 - [STDERR_REDIRECT] Mar 14, 2025 4:58:38 PM java.util.prefs.FileSystemPreferences syncWorld
2025-03-14 16:58:38,130 [ERROR] LogOutputStream:75 - [STDERR_REDIRECT] WARNING: Couldn't flush system prefs: java.util.prefs.BackingStoreException: Couldn't get file lock.
2025-03-14 16:58:38,130 [ERROR] LogOutputStream:75 - [STDERR_REDIRECT] 
2025-03-14 16:59:08,118 [ERROR] LogOutputStream:75 - [STDERR_REDIRECT] Mar 14, 2025 4:59:08 PM java.util.prefs.FileSystemPreferences checkLockFile0ErrorCode
2025-03-14 16:59:08,118 [ERROR] LogOutputStream:75 - [STDERR_REDIRECT] WARNING: Could not lock System prefs. Unix error code 2.
2025-03-14 16:59:08,119 [ERROR] LogOutputStream:75 - [STDERR_REDIRECT] 
2025-03-14 16:59:08,119 [ERROR] LogOutputStream:75 - [STDERR_REDIRECT] Mar 14, 2025 4:59:08 PM java.util.prefs.FileSystemPreferences syncWorld
2025-03-14 16:59:08,119 [ERROR] LogOutputStream:75 - [STDERR_REDIRECT] WARNING: Couldn't flush system prefs: java.util.prefs.BackingStoreException: Couldn't get file lock.
2025-03-14 16:59:08,119 [ERROR] LogOutputStream:75 - [STDERR_REDIRECT] 
2025-03-14 16:59:38,115 [ERROR] LogOutputStream:75 - [STDERR_REDIRECT] Mar 14, 2025 4:59:38 PM java.util.prefs.FileSystemPreferences checkLockFile0ErrorCode
2025-03-14 16:59:38,116 [ERROR] LogOutputStream:75 - [STDERR_REDIRECT] WARNING: Could not lock System prefs. Unix error code 2.
2025-03-14 16:59:38,116 [ERROR] LogOutputStream:75 - [STDERR_REDIRECT] 
2025-03-14 16:59:38,117 [ERROR] LogOutputStream:75 - [STDERR_REDIRECT] Mar 14, 2025 4:59:38 PM java.util.prefs.FileSystemPreferences syncWorld
2025-03-14 16:59:38,117 [ERROR] LogOutputStream:75 - [STDERR_REDIRECT] WARNING: Couldn't flush system prefs: java.util.prefs.BackingStoreException: Couldn't get file lock.
2025-03-14 16:59:38,117 [ERROR] LogOutputStream:75 - [STDERR_REDIRECT] 
2025-03-14 17:00:08,115 [ERROR] LogOutputStream:75 - [STDERR_REDIRECT] Mar 14, 2025 5:00:08 PM java.util.prefs.FileSystemPreferences checkLockFile0ErrorCode
2025-03-14 17:00:08,115 [ERROR] LogOutputStream:75 - [STDERR_REDIRECT] WARNING: Could not lock System prefs. Unix error code 2.
2025-03-14 17:00:08,115 [ERROR] LogOutputStream:75 - [STDERR_REDIRECT] 
2025-03-14 17:00:08,116 [ERROR] LogOutputStream:75 - [STDERR_REDIRECT] Mar 14, 2025 5:00:08 PM java.util.prefs.FileSystemPreferences syncWorld
2025-03-14 17:00:08,116 [ERROR] LogOutputStream:75 - [STDERR_REDIRECT] WARNING: Couldn't flush system prefs: java.util.prefs.BackingStoreException: Couldn't get file lock.
2025-03-14 17:00:08,116 [ERROR] LogOutputStream:75 - [STDERR_REDIRECT] 
2025-03-14 17:00:38,117 [ERROR] LogOutputStream:75 - [STDERR_REDIRECT] Mar 14, 2025 5:00:38 PM java.util.prefs.FileSystemPreferences checkLockFile0ErrorCode
2025-03-14 17:00:38,118 [ERROR] LogOutputStream:75 - [STDERR_REDIRECT] WARNING: Could not lock System prefs. Unix error code 2.
2025-03-14 17:00:38,118 [ERROR] LogOutputStream:75 - [STDERR_REDIRECT] 
2025-03-14 17:00:38,118 [ERROR] LogOutputStream:75 - [STDERR_REDIRECT] Mar 14, 2025 5:00:38 PM java.util.prefs.FileSystemPreferences syncWorld
2025-03-14 17:00:38,118 [ERROR] LogOutputStream:75 - [STDERR_REDIRECT] WARNING: Couldn't flush system prefs: java.util.prefs.BackingStoreException: Couldn't get file lock.
2025-03-14 17:00:38,118 [ERROR] LogOutputStream:75 - [STDERR_REDIRECT] 
2025-03-14 17:01:08,116 [ERROR] LogOutputStream:75 - [STDERR_REDIRECT] Mar 14, 2025 5:01:08 PM java.util.prefs.FileSystemPreferences checkLockFile0ErrorCode
2025-03-14 17:01:08,117 [ERROR] LogOutputStream:75 - [STDERR_REDIRECT] WARNING: Could not lock System prefs. Unix error code 2.
2025-03-14 17:01:08,117 [ERROR] LogOutputStream:75 - [STDERR_REDIRECT] 
2025-03-14 17:01:08,117 [ERROR] LogOutputStream:75 - [STDERR_REDIRECT] Mar 14, 2025 5:01:08 PM java.util.prefs.FileSystemPreferences syncWorld
2025-03-14 17:01:08,117 [ERROR] LogOutputStream:75 - [STDERR_REDIRECT] WARNING: Couldn't flush system prefs: java.util.prefs.BackingStoreException: Couldn't get file lock.
2025-03-14 17:01:08,118 [ERROR] LogOutputStream:75 - [STDERR_REDIRECT] 
2025-03-14 17:01:38,117 [ERROR] LogOutputStream:75 - [STDERR_REDIRECT] Mar 14, 2025 5:01:38 PM java.util.prefs.FileSystemPreferences checkLockFile0ErrorCode
2025-03-14 17:01:38,118 [ERROR] LogOutputStream:75 - [STDERR_REDIRECT] WARNING: Could not lock System prefs. Unix error code 2.
2025-03-14 17:01:38,118 [ERROR] LogOutputStream:75 - [STDERR_REDIRECT] 
2025-03-14 17:01:38,118 [ERROR] LogOutputStream:75 - [STDERR_REDIRECT] Mar 14, 2025 5:01:38 PM java.util.prefs.FileSystemPreferences syncWorld
2025-03-14 17:01:38,118 [ERROR] LogOutputStream:75 - [STDERR_REDIRECT] WARNING: Couldn't flush system prefs: java.util.prefs.BackingStoreException: Couldn't get file lock.
2025-03-14 17:01:38,118 [ERROR] LogOutputStream:75 - [STDERR_REDIRECT] 
2025-03-14 17:02:08,118 [ERROR] LogOutputStream:75 - [STDERR_REDIRECT] Mar 14, 2025 5:02:08 PM java.util.prefs.FileSystemPreferences checkLockFile0ErrorCode
2025-03-14 17:02:08,119 [ERROR] LogOutputStream:75 - [STDERR_REDIRECT] WARNING: Could not lock System prefs. Unix error code 2.
2025-03-14 17:02:08,119 [ERROR] LogOutputStream:75 - [STDERR_REDIRECT] 
2025-03-14 17:02:08,119 [ERROR] LogOutputStream:75 - [STDERR_REDIRECT] Mar 14, 2025 5:02:08 PM java.util.prefs.FileSystemPreferences syncWorld
2025-03-14 17:02:08,119 [ERROR] LogOutputStream:75 - [STDERR_REDIRECT] WARNING: Couldn't flush system prefs: java.util.prefs.BackingStoreException: Couldn't get file lock.
2025-03-14 17:02:08,119 [ERROR] LogOutputStream:75 - [STDERR_REDIRECT] 
2025-03-14 17:02:38,118 [ERROR] LogOutputStream:75 - [STDERR_REDIRECT] Mar 14, 2025 5:02:38 PM java.util.prefs.FileSystemPreferences checkLockFile0ErrorCode
2025-03-14 17:02:38,119 [ERROR] LogOutputStream:75 - [STDERR_REDIRECT] WARNING: Could not lock System prefs. Unix error code 2.
2025-03-14 17:02:38,119 [ERROR] LogOutputStream:75 - [STDERR_REDIRECT] 
2025-03-14 17:02:38,119 [ERROR] LogOutputStream:75 - [STDERR_REDIRECT] Mar 14, 2025 5:02:38 PM java.util.prefs.FileSystemPreferences syncWorld
2025-03-14 17:02:38,119 [ERROR] LogOutputStream:75 - [STDERR_REDIRECT] WARNING: Couldn't flush system prefs: java.util.prefs.BackingStoreException: Couldn't get file lock.
2025-03-14 17:02:38,119 [ERROR] LogOutputStream:75 - [STDERR_REDIRECT] 
2025-03-14 17:03:08,119 [ERROR] LogOutputStream:75 - [STDERR_REDIRECT] Mar 14, 2025 5:03:08 PM java.util.prefs.FileSystemPreferences checkLockFile0ErrorCode
2025-03-14 17:03:08,120 [ERROR] LogOutputStream:75 - [STDERR_REDIRECT] WARNING: Could not lock System prefs. Unix error code 2.
2025-03-14 17:03:08,120 [ERROR] LogOutputStream:75 - [STDERR_REDIRECT] 
2025-03-14 17:03:08,120 [ERROR] LogOutputStream:75 - [STDERR_REDIRECT] Mar 14, 2025 5:03:08 PM java.util.prefs.FileSystemPreferences syncWorld
2025-03-14 17:03:08,120 [ERROR] LogOutputStream:75 - [STDERR_REDIRECT] WARNING: Couldn't flush system prefs: java.util.prefs.BackingStoreException: Couldn't get file lock.
2025-03-14 17:03:08,121 [ERROR] LogOutputStream:75 - [STDERR_REDIRECT] 
2025-03-14 17:03:38,120 [ERROR] LogOutputStream:75 - [STDERR_REDIRECT] Mar 14, 2025 5:03:38 PM java.util.prefs.FileSystemPreferences checkLockFile0ErrorCode
2025-03-14 17:03:38,120 [ERROR] LogOutputStream:75 - [STDERR_REDIRECT] WARNING: Could not lock System prefs. Unix error code 2.
2025-03-14 17:03:38,120 [ERROR] LogOutputStream:75 - [STDERR_REDIRECT] 
2025-03-14 17:03:38,121 [ERROR] LogOutputStream:75 - [STDERR_REDIRECT] Mar 14, 2025 5:03:38 PM java.util.prefs.FileSystemPreferences syncWorld
2025-03-14 17:03:38,121 [ERROR] LogOutputStream:75 - [STDERR_REDIRECT] WARNING: Couldn't flush system prefs: java.util.prefs.BackingStoreException: Couldn't get file lock.
2025-03-14 17:03:38,121 [ERROR] LogOutputStream:75 - [STDERR_REDIRECT] 
2025-03-14 17:04:08,119 [ERROR] LogOutputStream:75 - [STDERR_REDIRECT] Mar 14, 2025 5:04:08 PM java.util.prefs.FileSystemPreferences checkLockFile0ErrorCode
2025-03-14 17:04:08,120 [ERROR] LogOutputStream:75 - [STDERR_REDIRECT] WARNING: Could not lock System prefs. Unix error code 2.
2025-03-14 17:04:08,120 [ERROR] LogOutputStream:75 - [STDERR_REDIRECT] 
2025-03-14 17:04:08,120 [ERROR] LogOutputStream:75 - [STDERR_REDIRECT] Mar 14, 2025 5:04:08 PM java.util.prefs.FileSystemPreferences syncWorld
2025-03-14 17:04:08,120 [ERROR] LogOutputStream:75 - [STDERR_REDIRECT] WARNING: Couldn't flush system prefs: java.util.prefs.BackingStoreException: Couldn't get file lock.
2025-03-14 17:04:08,121 [ERROR] LogOutputStream:75 - [STDERR_REDIRECT] 
2025-03-14 17:04:38,119 [ERROR] LogOutputStream:75 - [STDERR_REDIRECT] Mar 14, 2025 5:04:38 PM java.util.prefs.FileSystemPreferences checkLockFile0ErrorCode
2025-03-14 17:04:38,120 [ERROR] LogOutputStream:75 - [STDERR_REDIRECT] WARNING: Could not lock System prefs. Unix error code 2.
2025-03-14 17:04:38,120 [ERROR] LogOutputStream:75 - [STDERR_REDIRECT] 
2025-03-14 17:04:38,120 [ERROR] LogOutputStream:75 - [STDERR_REDIRECT] Mar 14, 2025 5:04:38 PM java.util.prefs.FileSystemPreferences syncWorld
2025-03-14 17:04:38,120 [ERROR] LogOutputStream:75 - [STDERR_REDIRECT] WARNING: Couldn't flush system prefs: java.util.prefs.BackingStoreException: Couldn't get file lock.
2025-03-14 17:04:38,121 [ERROR] LogOutputStream:75 - [STDERR_REDIRECT] 
2025-03-14 17:05:08,119 [ERROR] LogOutputStream:75 - [STDERR_REDIRECT] Mar 14, 2025 5:05:08 PM java.util.prefs.FileSystemPreferences checkLockFile0ErrorCode
2025-03-14 17:05:08,119 [ERROR] LogOutputStream:75 - [STDERR_REDIRECT] WARNING: Could not lock System prefs. Unix error code 2.
2025-03-14 17:05:08,119 [ERROR] LogOutputStream:75 - [STDERR_REDIRECT] 
2025-03-14 17:05:08,120 [ERROR] LogOutputStream:75 - [STDERR_REDIRECT] Mar 14, 2025 5:05:08 PM java.util.prefs.FileSystemPreferences syncWorld
2025-03-14 17:05:08,120 [ERROR] LogOutputStream:75 - [STDERR_REDIRECT] WARNING: Couldn't flush system prefs: java.util.prefs.BackingStoreException: Couldn't get file lock.
2025-03-14 17:05:08,120 [ERROR] LogOutputStream:75 - [STDERR_REDIRECT] 
2025-03-14 17:05:38,119 [ERROR] LogOutputStream:75 - [STDERR_REDIRECT] Mar 14, 2025 5:05:38 PM java.util.prefs.FileSystemPreferences checkLockFile0ErrorCode
2025-03-14 17:05:38,119 [ERROR] LogOutputStream:75 - [STDERR_REDIRECT] WARNING: Could not lock System prefs. Unix error code 2.
2025-03-14 17:05:38,119 [ERROR] LogOutputStream:75 - [STDERR_REDIRECT] 
2025-03-14 17:05:38,120 [ERROR] LogOutputStream:75 - [STDERR_REDIRECT] Mar 14, 2025 5:05:38 PM java.util.prefs.FileSystemPreferences syncWorld
2025-03-14 17:05:38,120 [ERROR] LogOutputStream:75 - [STDERR_REDIRECT] WARNING: Couldn't flush system prefs: java.util.prefs.BackingStoreException: Couldn't get file lock.
2025-03-14 17:05:38,120 [ERROR] LogOutputStream:75 - [STDERR_REDIRECT] 
2025-03-14 17:05:41,739 [ERROR] LogOutputStream:75 - [STDERR_REDIRECT] 
2025-03-14 17:05:41,741 [ERROR] LogOutputStream:75 - [STDERR_REDIRECT] 
